<?xml version="1.0" encoding="UTF-8"?>
<!-- Generated by org.testng.reporters.JUnitXMLReporter -->
<testsuite ignored="0" hostname="DESKTOP-KQBH998" failures="2" tests="4" name="Test" time="44.301" errors="0" timestamp="13 Sep 2024 06:12:38 GMT">
  <testcase classname="com.LoginTest" name="login" time="8.295"/>
  <testcase classname="com.LoginTest" name="login" time="6.975">
    <failure type="java.lang.AssertionError" message="expected [User or Password is not valid] but found [User or Password is not valid1]">
      <![CDATA[java.lang.AssertionError: expected [User or Password is not valid] but found [User or Password is not valid1]
at com.LoginTest.login(LoginTest.java:29)
... Removed 31 stack frames]]>
    </failure>
  </testcase> <!-- login -->
  <testcase classname="com.LoginTest" name="login" time="10.868"/>
  <testcase classname="com.LoginTest" name="login" time="13.011">
    <failure type="java.lang.AssertionError" message="expected [Guru99 Bank Manager HomePage] but found [Guru99 Bank Manager HomePage1]">
      <![CDATA[java.lang.AssertionError: expected [Guru99 Bank Manager HomePage] but found [Guru99 Bank Manager HomePage1]
at com.LoginTest.login(LoginTest.java:34)
... Removed 31 stack frames]]>
    </failure>
  </testcase> <!-- login -->
</testsuite> <!-- Test -->
