<?xml version="1.0" encoding="UTF-8"?>
<testng-results ignored="0" total="1" passed="1" failed="0" skipped="0">
  <reporter-output>
  </reporter-output>
  <suite started-at="2024-09-27T05:51:08Z" name="Default suite" finished-at="2024-09-27T05:51:15Z" duration-ms="6762">
    <groups>
    </groups>
    <test started-at="2024-09-27T05:51:08Z" name="Default test" finished-at="2024-09-27T05:51:15Z" duration-ms="6762">
      <class name="com.LoginTest">
        <test-method signature="test()[pri:0, instance:com.LoginTest@53093491]" started-at="2024-09-27T11:21:08Z" name="test" finished-at="2024-09-27T11:21:15Z" duration-ms="6685" status="PASS">
          <reporter-output>
          </reporter-output>
        </test-method> <!-- test -->
      </class> <!-- com.LoginTest -->
    </test> <!-- Default test -->
  </suite> <!-- Default suite -->
</testng-results>
