<?xml version="1.0" encoding="UTF-8"?>
<!-- Generated by org.testng.reporters.JUnitXMLReporter -->
<testsuite ignored="1" hostname="DESKTOP-KQBH998" failures="0" tests="2" name="Default test" time="0.116" errors="0" timestamp="13 Sep 2024 08:46:32 GMT">
  <testcase classname="com.NewTest" name="test" time="0.023"/>
  <testcase classname="com.NewTest" name="beta" time="0.015"/>
  <testcase classname="com.NewTest" name="alpha" time="0.0">
    <ignored/>
  </testcase> <!-- alpha -->
</testsuite> <!-- Default test -->
