<?xml version="1.0" encoding="UTF-8"?>
<!-- Generated by org.testng.reporters.JUnitXMLReporter -->
<testsuite ignored="4" hostname="DESKTOP-KQBH998" failures="0" tests="2" name="sanity" time="0.021" errors="0" timestamp="16 Sep 2024 05:44:30 GMT">
  <testcase classname="basic.Account" name="savingAccount" time="0.005"/>
  <testcase classname="basic.Payment" name="debitCart" time="0.007"/>
  <testcase classname="basic.Payment" name="creditCard" time="0.0">
    <ignored/>
  </testcase> <!-- creditCard -->
  <testcase classname="basic.Account" name="loanAccount" time="0.0">
    <ignored/>
  </testcase> <!-- loanAccount -->
  <testcase classname="basic.Account" name="currentAcoount" time="0.0">
    <ignored/>
  </testcase> <!-- currentAcoount -->
  <testcase classname="basic.Payment" name="Cod" time="0.0">
    <ignored/>
  </testcase> <!-- Cod -->
</testsuite> <!-- sanity -->
