<?xml version="1.0" encoding="UTF-8"?>
<!-- Generated by org.testng.reporters.JUnitXMLReporter -->
<testsuite ignored="0" hostname="DESKTOP-KQBH998" failures="0" tests="6" name="Test" time="0.153" errors="0" timestamp="13 Sep 2024 09:25:32 GMT">
  <testcase classname="basic.Account" name="currentAcoount" time="0.023"/>
  <testcase classname="basic.Account" name="loanAccount" time="0.006"/>
  <testcase classname="basic.Account" name="savingAccount" time="0.003"/>
  <testcase classname="basic.Payment" name="Cod" time="0.024"/>
  <testcase classname="basic.Payment" name="creditCard" time="0.012"/>
  <testcase classname="basic.Payment" name="debitCart" time="0.018"/>
</testsuite> <!-- Test -->
