<?xml version="1.0" encoding="UTF-8"?>
<!-- Generated by org.testng.reporters.JUnitXMLReporter -->
<testsuite ignored="0" hostname="DESKTOP-KQBH998" failures="2" tests="2" name="Test" time="9.463" errors="0" timestamp="20 Sep 2024 05:26:29 GMT">
  <testcase classname="listener.MyFbTest" name="loginTest" time="5.933">
    <failure type="java.lang.AssertionError" message="expected [Facebook - Home] but found [Log in to Facebook]">
      <![CDATA[java.lang.AssertionError: expected [Facebook - Home] but found [Log in to Facebook]
	at listener.MyFbTest.loginTest(MyFbTest.java:21)
... Removed 31 stack frames]]>
    </failure>
  </testcase> <!-- loginTest -->
  <testcase classname="listener.MyFbTest" name="titleCheck" time="3.143">
    <failure type="java.lang.AssertionError" message="expected [Facebook - Login] but found [Facebook – log in or sign up]">
      <![CDATA[java.lang.AssertionError: expected [Facebook - Login] but found [Facebook – log in or sign up]
	at listener.MyFbTest.titleCheck(MyFbTest.java:28)
... Removed 31 stack frames]]>
    </failure>
  </testcase> <!-- titleCheck -->
</testsuite> <!-- Test -->
