<?xml version="1.0" encoding="UTF-8"?>
<!-- Generated by org.testng.reporters.JUnitXMLReporter -->
<testsuite ignored="1" hostname="DESKTOP-KQBH998" failures="0" tests="5" name="Test2" time="0.058" errors="0" timestamp="13 Sep 2024 09:28:45 GMT">
  <testcase classname="basic.Account" name="currentAcoount" time="0.004"/>
  <testcase classname="basic.Account" name="loanAccount" time="0.005"/>
  <testcase classname="basic.Payment" name="Cod" time="0.008"/>
  <testcase classname="basic.Payment" name="creditCard" time="0.007"/>
  <testcase classname="basic.Payment" name="debitCart" time="0.002"/>
  <testcase classname="basic.Account" name="savingAccount" time="0.0">
    <ignored/>
  </testcase> <!-- savingAccount -->
</testsuite> <!-- Test2 -->
