<?xml version="1.0" encoding="UTF-8"?>
<!-- Generated by org.testng.reporters.JUnitXMLReporter -->
<testsuite ignored="2" hostname="DESKTOP-KQBH998" failures="0" tests="4" name="Test1" time="0.15" errors="0" timestamp="13 Sep 2024 09:28:45 GMT">
  <testcase classname="basic.Account" name="savingAccount" time="0.036"/>
  <testcase classname="basic.Payment" name="Cod" time="0.009"/>
  <testcase classname="basic.Payment" name="creditCard" time="0.008"/>
  <testcase classname="basic.Payment" name="debitCart" time="0.01"/>
  <testcase classname="basic.Account" name="loanAccount" time="0.0">
    <ignored/>
  </testcase> <!-- loanAccount -->
  <testcase classname="basic.Account" name="currentAcoount" time="0.0">
    <ignored/>
  </testcase> <!-- currentAcoount -->
</testsuite> <!-- Test1 -->
