<?xml version="1.0" encoding="UTF-8"?>
<!-- Generated by org.testng.reporters.JUnitXMLReporter -->
<testsuite ignored="0" hostname="DESKTOP-KQBH998" failures="2" tests="4" name="Test" time="73.411" errors="0" timestamp="02 Oct 2024 05:53:18 GMT">
  <testcase classname="main.LoginTest" name="login" time="8.969"/>
  <testcase classname="main.LoginTest" name="login" time="28.602"/>
  <testcase classname="main.LoginTest" name="login" time="14.811">
    <failure type="java.lang.AssertionError" message="expected [Log in to Facebook] but found [Facebook]">
      <![CDATA[java.lang.AssertionError: expected [Log in to Facebook] but found [Facebook]
	at main.LoginTest.login(LoginTest.java:24)
... Removed 31 stack frames]]>
    </failure>
  </testcase> <!-- login -->
  <testcase classname="main.LoginTest" name="login" time="15.455">
    <failure type="java.lang.AssertionError" message="expected [Facebook] but found [Log in to Facebook]">
      <![CDATA[java.lang.AssertionError: expected [Facebook] but found [Log in to Facebook]
	at main.LoginTest.login(LoginTest.java:24)
... Removed 31 stack frames]]>
    </failure>
  </testcase> <!-- login -->
</testsuite> <!-- Test -->
