<?xml version="1.0" encoding="UTF-8"?>
<!-- Generated by org.testng.reporters.JUnitXMLReporter -->
<testsuite ignored="0" hostname="DESKTOP-KQBH998" failures="0" tests="4" name="Test" time="0.046" errors="0" timestamp="30 Sep 2024 05:40:02 GMT">
  <testcase classname="basic.NewTest" name="abc" time="0.019"/>
  <testcase classname="basic.NewTest" name="xyz" time="0.0"/>
  <testcase classname="basic.MyTest" name="alpha" time="0.001"/>
  <testcase classname="basic.MyTest" name="beta" time="0.001"/>
</testsuite> <!-- Test -->
