<?xml version="1.0" encoding="UTF-8"?>
<testng-results ignored="0" total="4" passed="4" failed="0" skipped="0">
  <reporter-output>
  </reporter-output>
  <suite started-at="2024-09-30T05:40:01Z" name="Suite" finished-at="2024-09-30T05:40:02Z" duration-ms="46">
    <groups>
    </groups>
    <test started-at="2024-09-30T05:40:01Z" name="Test" finished-at="2024-09-30T05:40:02Z" duration-ms="46">
      <class name="basic.NewTest">
        <test-method signature="abc()[pri:0, instance:basic.NewTest@2e8c1c9b]" started-at="2024-09-30T11:10:01Z" name="abc" finished-at="2024-09-30T11:10:01Z" duration-ms="19" status="PASS">
          <reporter-output>
          </reporter-output>
        </test-method> <!-- abc -->
        <test-method signature="xyz()[pri:0, instance:basic.NewTest@2e8c1c9b]" started-at="2024-09-30T11:10:01Z" name="xyz" finished-at="2024-09-30T11:10:01Z" duration-ms="0" status="PASS">
          <reporter-output>
          </reporter-output>
        </test-method> <!-- xyz -->
      </class> <!-- basic.NewTest -->
      <class name="basic.MyTest">
        <test-method signature="alpha()[pri:0, instance:basic.MyTest@5b1669c0]" started-at="2024-09-30T11:10:02Z" name="alpha" finished-at="2024-09-30T11:10:02Z" duration-ms="1" status="PASS">
          <reporter-output>
          </reporter-output>
        </test-method> <!-- alpha -->
        <test-method signature="beta()[pri:0, instance:basic.MyTest@5b1669c0]" started-at="2024-09-30T11:10:02Z" name="beta" finished-at="2024-09-30T11:10:02Z" duration-ms="1" status="PASS">
          <reporter-output>
          </reporter-output>
        </test-method> <!-- beta -->
      </class> <!-- basic.MyTest -->
    </test> <!-- Test -->
  </suite> <!-- Suite -->
</testng-results>
