<?xml version="1.0" encoding="UTF-8"?>
<testng-results ignored="0" total="6" passed="6" failed="0" skipped="0">
  <reporter-output>
  </reporter-output>
  <suite started-at="2024-09-25T05:18:30Z" name="Default suite" finished-at="2024-09-25T05:18:37Z" duration-ms="6629">
    <groups>
    </groups>
    <test started-at="2024-09-25T05:18:30Z" name="Default test" finished-at="2024-09-25T05:18:37Z" duration-ms="6629">
      <class name="com.Hybrid">
        <test-method signature="test(java.lang.String, java.lang.String, java.lang.String, java.lang.String, java.lang.String)[pri:0, instance:com.Hybrid@cecf639]" started-at="2024-09-25T10:48:34Z" name="test" data-provider="dp" finished-at="2024-09-25T10:48:36Z" duration-ms="2144" status="PASS">
          <params>
            <param index="0">
              <value>
                <![CDATA[open browser]]>
              </value>
            </param>
            <param index="1">
              <value>
                <![CDATA[browser]]>
              </value>
            </param>
            <param index="2">
              <value>
                <![CDATA[NA]]>
              </value>
            </param>
            <param index="3">
              <value>
                <![CDATA[NA]]>
              </value>
            </param>
            <param index="4">
              <value>
                <![CDATA[chrome]]>
              </value>
            </param>
          </params>
          <reporter-output>
          </reporter-output>
        </test-method> <!-- test -->
        <test-method signature="test(java.lang.String, java.lang.String, java.lang.String, java.lang.String, java.lang.String)[pri:0, instance:com.Hybrid@cecf639]" started-at="2024-09-25T10:48:36Z" name="test" data-provider="dp" finished-at="2024-09-25T10:48:36Z" duration-ms="372" status="PASS">
          <params>
            <param index="0">
              <value>
                <![CDATA[open url]]>
              </value>
            </param>
            <param index="1">
              <value>
                <![CDATA[url]]>
              </value>
            </param>
            <param index="2">
              <value>
                <![CDATA[NA]]>
              </value>
            </param>
            <param index="3">
              <value>
                <![CDATA[NA]]>
              </value>
            </param>
            <param index="4">
              <value>
                <![CDATA[https://topsint.com/topserp/index.php]]>
              </value>
            </param>
          </params>
          <reporter-output>
          </reporter-output>
        </test-method> <!-- test -->
        <test-method signature="test(java.lang.String, java.lang.String, java.lang.String, java.lang.String, java.lang.String)[pri:0, instance:com.Hybrid@cecf639]" started-at="2024-09-25T10:48:36Z" name="test" data-provider="dp" finished-at="2024-09-25T10:48:37Z" duration-ms="281" status="PASS">
          <params>
            <param index="0">
              <value>
                <![CDATA[role]]>
              </value>
            </param>
            <param index="1">
              <value>
                <![CDATA[select]]>
              </value>
            </param>
            <param index="2">
              <value>
                <![CDATA[id]]>
              </value>
            </param>
            <param index="3">
              <value>
                <![CDATA[lutype]]>
              </value>
            </param>
            <param index="4">
              <value>
                <![CDATA[Faculty]]>
              </value>
            </param>
          </params>
          <reporter-output>
          </reporter-output>
        </test-method> <!-- test -->
        <test-method signature="test(java.lang.String, java.lang.String, java.lang.String, java.lang.String, java.lang.String)[pri:0, instance:com.Hybrid@cecf639]" started-at="2024-09-25T10:48:37Z" name="test" data-provider="dp" finished-at="2024-09-25T10:48:37Z" duration-ms="122" status="PASS">
          <params>
            <param index="0">
              <value>
                <![CDATA[username]]>
              </value>
            </param>
            <param index="1">
              <value>
                <![CDATA[type]]>
              </value>
            </param>
            <param index="2">
              <value>
                <![CDATA[id]]>
              </value>
            </param>
            <param index="3">
              <value>
                <![CDATA[l_username]]>
              </value>
            </param>
            <param index="4">
              <value>
                <![CDATA[test]]>
              </value>
            </param>
          </params>
          <reporter-output>
          </reporter-output>
        </test-method> <!-- test -->
        <test-method signature="test(java.lang.String, java.lang.String, java.lang.String, java.lang.String, java.lang.String)[pri:0, instance:com.Hybrid@cecf639]" started-at="2024-09-25T10:48:37Z" name="test" data-provider="dp" finished-at="2024-09-25T10:48:37Z" duration-ms="104" status="PASS">
          <params>
            <param index="0">
              <value>
                <![CDATA[password]]>
              </value>
            </param>
            <param index="1">
              <value>
                <![CDATA[type]]>
              </value>
            </param>
            <param index="2">
              <value>
                <![CDATA[id]]>
              </value>
            </param>
            <param index="3">
              <value>
                <![CDATA[l_password]]>
              </value>
            </param>
            <param index="4">
              <value>
                <![CDATA[test]]>
              </value>
            </param>
          </params>
          <reporter-output>
          </reporter-output>
        </test-method> <!-- test -->
        <test-method signature="test(java.lang.String, java.lang.String, java.lang.String, java.lang.String, java.lang.String)[pri:0, instance:com.Hybrid@cecf639]" started-at="2024-09-25T10:48:37Z" name="test" data-provider="dp" finished-at="2024-09-25T10:48:37Z" duration-ms="206" status="PASS">
          <params>
            <param index="0">
              <value>
                <![CDATA[login]]>
              </value>
            </param>
            <param index="1">
              <value>
                <![CDATA[click]]>
              </value>
            </param>
            <param index="2">
              <value>
                <![CDATA[name]]>
              </value>
            </param>
            <param index="3">
              <value>
                <![CDATA[btn_login]]>
              </value>
            </param>
            <param index="4">
              <value>
                <![CDATA[NA]]>
              </value>
            </param>
          </params>
          <reporter-output>
          </reporter-output>
        </test-method> <!-- test -->
      </class> <!-- com.Hybrid -->
    </test> <!-- Default test -->
  </suite> <!-- Default suite -->
</testng-results>
