<?xml version="1.0" encoding="UTF-8"?>
<testng-results ignored="0" total="2" passed="2" failed="0" skipped="0">
  <reporter-output>
  </reporter-output>
  <suite started-at="2024-09-23T05:19:10Z" name="Default suite" finished-at="2024-09-23T05:19:17Z" duration-ms="6304">
    <groups>
    </groups>
    <test started-at="2024-09-23T05:19:10Z" name="Default test" finished-at="2024-09-23T05:19:17Z" duration-ms="6304">
      <class name="com.Datadriven">
        <test-method is-config="true" signature="setUp()[pri:0, instance:com.Datadriven@6440112d]" started-at="2024-09-23T10:49:10Z" name="setUp" finished-at="2024-09-23T10:49:14Z" duration-ms="3652" status="PASS">
          <reporter-output>
          </reporter-output>
        </test-method> <!-- setUp -->
        <test-method signature="test(java.lang.String, java.lang.String)[pri:0, instance:com.Datadriven@6440112d]" started-at="2024-09-23T10:49:16Z" name="test" data-provider="dp" finished-at="2024-09-23T10:49:16Z" duration-ms="334" status="PASS">
          <params>
            <param index="0">
              <value>
                <![CDATA[abc@gmail.com]]>
              </value>
            </param>
            <param index="1">
              <value>
                <![CDATA[abc]]>
              </value>
            </param>
          </params>
          <reporter-output>
          </reporter-output>
        </test-method> <!-- test -->
        <test-method signature="test(java.lang.String, java.lang.String)[pri:0, instance:com.Datadriven@6440112d]" started-at="2024-09-23T10:49:16Z" name="test" data-provider="dp" finished-at="2024-09-23T10:49:17Z" duration-ms="297" status="PASS">
          <params>
            <param index="0">
              <value>
                <![CDATA[xyz@gmail.com]]>
              </value>
            </param>
            <param index="1">
              <value>
                <![CDATA[xyz]]>
              </value>
            </param>
          </params>
          <reporter-output>
          </reporter-output>
        </test-method> <!-- test -->
      </class> <!-- com.Datadriven -->
    </test> <!-- Default test -->
  </suite> <!-- Default suite -->
</testng-results>
