<?xml version="1.0" encoding="UTF-8"?>
<testng-results ignored="0" total="3" passed="3" failed="0" skipped="0">
  <reporter-output>
  </reporter-output>
  <suite started-at="2024-09-18T06:34:13Z" name="Default suite" finished-at="2024-09-18T06:34:13Z" duration-ms="61">
    <groups>
    </groups>
    <test started-at="2024-09-18T06:34:13Z" name="Default test" finished-at="2024-09-18T06:34:13Z" duration-ms="61">
      <class name="com.Dependancy">
        <test-method signature="login()[pri:1, instance:com.Dependancy@35dab4eb]" started-at="2024-09-18T12:04:13Z" name="login" finished-at="2024-09-18T12:04:13Z" duration-ms="13" status="PASS">
          <reporter-output>
          </reporter-output>
        </test-method> <!-- login -->
        <test-method signature="home()[pri:2, instance:com.Dependancy@35dab4eb]" started-at="2024-09-18T12:04:13Z" name="home" finished-at="2024-09-18T12:04:13Z" depends-on-methods="com.Dependancy.login" duration-ms="3" status="PASS">
          <reporter-output>
          </reporter-output>
        </test-method> <!-- home -->
        <test-method signature="logout()[pri:3, instance:com.Dependancy@35dab4eb]" started-at="2024-09-18T12:04:13Z" name="logout" finished-at="2024-09-18T12:04:13Z" depends-on-methods="com.Dependancy.home" duration-ms="2" status="PASS">
          <reporter-output>
          </reporter-output>
        </test-method> <!-- logout -->
      </class> <!-- com.Dependancy -->
    </test> <!-- Default test -->
  </suite> <!-- Default suite -->
</testng-results>
